<?xml version="1.0" encoding="UTF-8"?>
<!-- Generated by org.testng.reporters.JUnitReportReporter -->
<testsuite hostname="Ramesh" failures="0" tests="9" name="Tests.PatientDashboardtest" time="13.422" errors="0" timestamp="2025-06-18T15:22:13 IST" skipped="0">
  <testcase classname="Tests.PatientDashboardtest" name="testBookAppointmentNegativeScenarios" time="1.509"/>
  <testcase classname="Tests.PatientDashboardtest" name="testBookAppointmentNegativeScenarios" time="2.473"/>
  <testcase classname="Tests.PatientDashboardtest" name="testBookAppointmentWithValidData" time="1.199"/>
  <testcase classname="Tests.PatientDashboardtest" name="verifyareAllDashboardElementsVisible" time="0.243"/>
  <testcase classname="Tests.PatientDashboardtest" name="testBookAppointmentNegativeScenarios" time="2.298"/>
  <testcase classname="Tests.PatientDashboardtest" name="testBookAppointmentNegativeScenarios" time="1.461"/>
  <testcase classname="Tests.PatientDashboardtest" name="testBookAppointmentNegativeScenarios" time="1.553"/>
  <testcase classname="Tests.PatientDashboardtest" name="testBookAppointmentNegativeScenarios" time="1.492"/>
  <testcase classname="Tests.PatientDashboardtest" name="testBookAppointmentWithValidData" time="1.194"/>
</testsuite> <!-- Tests.PatientDashboardtest -->
